Performing C SOURCE FILE Test CMAKE_HAVE_LIBC_PTHREAD failed with the following output:
Change Dir: /home/arnisfet/Рабочий стол/Philosophers/cmake-build-debug/CMakeFiles/CMakeTmp

Run Build Command(s):/usr/bin/make -f Makefile cmTC_0ff61/fast && /usr/bin/make  -f CMakeFiles/cmTC_0ff61.dir/build.make CMakeFiles/cmTC_0ff61.dir/build
make[1]: вход в каталог «/home/arnisfet/Рабочий стол/Philosophers/cmake-build-debug/CMakeFiles/CMakeTmp»
Building C object CMakeFiles/cmTC_0ff61.dir/src.c.o
/usr/bin/cc -DCMAKE_HAVE_LIBC_PTHREAD  -std=gnu99 -o CMakeFiles/cmTC_0ff61.dir/src.c.o -c "/home/arnisfet/Рабочий стол/Philosophers/cmake-build-debug/CMakeFiles/CMakeTmp/src.c"
Linking C executable cmTC_0ff61
/app/extra/clion/bin/cmake/linux/bin/cmake -E cmake_link_script CMakeFiles/cmTC_0ff61.dir/link.txt --verbose=1
/usr/bin/cc CMakeFiles/cmTC_0ff61.dir/src.c.o -o cmTC_0ff61 
/usr/lib/gcc/x86_64-unknown-linux-gnu/10.2.0/../../../../x86_64-unknown-linux-gnu/bin/ld: CMakeFiles/cmTC_0ff61.dir/src.c.o: в функции «main»:
src.c:(.text+0x3e): неопределённая ссылка на «pthread_create»
/usr/lib/gcc/x86_64-unknown-linux-gnu/10.2.0/../../../../x86_64-unknown-linux-gnu/bin/ld: src.c:(.text+0x4a): неопределённая ссылка на «pthread_detach»
/usr/lib/gcc/x86_64-unknown-linux-gnu/10.2.0/../../../../x86_64-unknown-linux-gnu/bin/ld: src.c:(.text+0x56): неопределённая ссылка на «pthread_cancel»
/usr/lib/gcc/x86_64-unknown-linux-gnu/10.2.0/../../../../x86_64-unknown-linux-gnu/bin/ld: src.c:(.text+0x67): неопределённая ссылка на «pthread_join»
collect2: ошибка: выполнение ld завершилось с кодом возврата 1
make[1]: *** [CMakeFiles/cmTC_0ff61.dir/build.make:99: cmTC_0ff61] Ошибка 1
make[1]: выход из каталога «/home/arnisfet/Рабочий стол/Philosophers/cmake-build-debug/CMakeFiles/CMakeTmp»
make: *** [Makefile:127: cmTC_0ff61/fast] Ошибка 2


Source file was:
#include <pthread.h>

static void* test_func(void* data)
{
  return data;
}

int main(void)
{
  pthread_t thread;
  pthread_create(&thread, NULL, test_func, NULL);
  pthread_detach(thread);
  pthread_cancel(thread);
  pthread_join(thread, NULL);
  pthread_atfork(NULL, NULL, NULL);
  pthread_exit(NULL);

  return 0;
}

